{"/Users/nastya/code/Hexlet/frontend-project-46/src/gendiff.js": {"path":"/Users/nastya/code/Hexlet/frontend-project-46/src/gendiff.js","all":false,"statementMap":{"0":{"start":{"line":1,"column":0},"end":{"line":1,"column":30}},"1":{"start":{"line":2,"column":0},"end":{"line":2,"column":24}},"2":{"start":{"line":3,"column":0},"end":{"line":3,"column":20}},"3":{"start":{"line":4,"column":0},"end":{"line":4,"column":0}},"4":{"start":{"line":5,"column":0},"end":{"line":5,"column":31}},"5":{"start":{"line":6,"column":0},"end":{"line":6,"column":32}},"6":{"start":{"line":7,"column":0},"end":{"line":7,"column":41}},"7":{"start":{"line":8,"column":0},"end":{"line":8,"column":2}},"8":{"start":{"line":9,"column":0},"end":{"line":9,"column":0}},"9":{"start":{"line":10,"column":0},"end":{"line":10,"column":33}},"10":{"start":{"line":11,"column":0},"end":{"line":11,"column":34}},"11":{"start":{"line":12,"column":0},"end":{"line":12,"column":34}},"12":{"start":{"line":13,"column":0},"end":{"line":13,"column":20}},"13":{"start":{"line":14,"column":0},"end":{"line":14,"column":0}},"14":{"start":{"line":15,"column":0},"end":{"line":15,"column":28}},"15":{"start":{"line":16,"column":0},"end":{"line":16,"column":35}},"16":{"start":{"line":17,"column":0},"end":{"line":17,"column":36}},"17":{"start":{"line":18,"column":0},"end":{"line":18,"column":21}},"18":{"start":{"line":19,"column":0},"end":{"line":19,"column":28}},"19":{"start":{"line":20,"column":0},"end":{"line":20,"column":14}},"20":{"start":{"line":21,"column":0},"end":{"line":21,"column":27}},"21":{"start":{"line":22,"column":0},"end":{"line":22,"column":11}},"22":{"start":{"line":23,"column":0},"end":{"line":23,"column":14}},"23":{"start":{"line":24,"column":0},"end":{"line":24,"column":21}},"24":{"start":{"line":25,"column":0},"end":{"line":25,"column":26}},"25":{"start":{"line":26,"column":0},"end":{"line":26,"column":14}},"26":{"start":{"line":27,"column":0},"end":{"line":27,"column":30}},"27":{"start":{"line":28,"column":0},"end":{"line":28,"column":30}},"28":{"start":{"line":29,"column":0},"end":{"line":29,"column":11}},"29":{"start":{"line":30,"column":0},"end":{"line":30,"column":7}},"30":{"start":{"line":31,"column":0},"end":{"line":31,"column":12}},"31":{"start":{"line":32,"column":0},"end":{"line":32,"column":19}},"32":{"start":{"line":33,"column":0},"end":{"line":33,"column":24}},"33":{"start":{"line":34,"column":0},"end":{"line":34,"column":12}},"34":{"start":{"line":35,"column":0},"end":{"line":35,"column":28}},"35":{"start":{"line":36,"column":0},"end":{"line":36,"column":9}},"36":{"start":{"line":37,"column":0},"end":{"line":37,"column":5}},"37":{"start":{"line":38,"column":0},"end":{"line":38,"column":3}},"38":{"start":{"line":39,"column":0},"end":{"line":39,"column":28}},"39":{"start":{"line":40,"column":0},"end":{"line":40,"column":36}},"40":{"start":{"line":41,"column":0},"end":{"line":41,"column":19}},"41":{"start":{"line":42,"column":0},"end":{"line":42,"column":22}},"42":{"start":{"line":43,"column":0},"end":{"line":43,"column":12}},"43":{"start":{"line":44,"column":0},"end":{"line":44,"column":25}},"44":{"start":{"line":45,"column":0},"end":{"line":45,"column":9}},"45":{"start":{"line":46,"column":0},"end":{"line":46,"column":5}},"46":{"start":{"line":47,"column":0},"end":{"line":47,"column":3}},"47":{"start":{"line":48,"column":0},"end":{"line":48,"column":16}},"48":{"start":{"line":49,"column":0},"end":{"line":49,"column":2}},"49":{"start":{"line":50,"column":0},"end":{"line":50,"column":0}},"50":{"start":{"line":51,"column":0},"end":{"line":51,"column":32}},"51":{"start":{"line":52,"column":0},"end":{"line":52,"column":20}},"52":{"start":{"line":53,"column":0},"end":{"line":53,"column":23}},"53":{"start":{"line":54,"column":0},"end":{"line":54,"column":24}},"54":{"start":{"line":55,"column":0},"end":{"line":55,"column":16}},"55":{"start":{"line":56,"column":0},"end":{"line":56,"column":5}},"56":{"start":{"line":57,"column":0},"end":{"line":57,"column":24}},"57":{"start":{"line":58,"column":0},"end":{"line":58,"column":15}},"58":{"start":{"line":59,"column":0},"end":{"line":59,"column":5}},"59":{"start":{"line":60,"column":0},"end":{"line":60,"column":13}},"60":{"start":{"line":61,"column":0},"end":{"line":61,"column":5}},"61":{"start":{"line":62,"column":0},"end":{"line":62,"column":31}},"62":{"start":{"line":63,"column":0},"end":{"line":63,"column":25}},"63":{"start":{"line":64,"column":0},"end":{"line":64,"column":18}},"64":{"start":{"line":65,"column":0},"end":{"line":65,"column":4}},"65":{"start":{"line":66,"column":0},"end":{"line":66,"column":33}},"66":{"start":{"line":67,"column":0},"end":{"line":67,"column":25}},"67":{"start":{"line":68,"column":0},"end":{"line":68,"column":18}},"68":{"start":{"line":69,"column":0},"end":{"line":69,"column":4}},"69":{"start":{"line":70,"column":0},"end":{"line":70,"column":35}},"70":{"start":{"line":71,"column":0},"end":{"line":71,"column":25}},"71":{"start":{"line":72,"column":0},"end":{"line":72,"column":18}},"72":{"start":{"line":73,"column":0},"end":{"line":73,"column":4}},"73":{"start":{"line":74,"column":0},"end":{"line":74,"column":28}},"74":{"start":{"line":75,"column":0},"end":{"line":75,"column":32}},"75":{"start":{"line":76,"column":0},"end":{"line":76,"column":38}},"76":{"start":{"line":77,"column":0},"end":{"line":77,"column":5}},"77":{"start":{"line":78,"column":0},"end":{"line":78,"column":34}},"78":{"start":{"line":79,"column":0},"end":{"line":79,"column":43}},"79":{"start":{"line":80,"column":0},"end":{"line":80,"column":5}},"80":{"start":{"line":81,"column":0},"end":{"line":81,"column":36}},"81":{"start":{"line":82,"column":0},"end":{"line":82,"column":42}},"82":{"start":{"line":83,"column":0},"end":{"line":83,"column":5}},"83":{"start":{"line":84,"column":0},"end":{"line":84,"column":34}},"84":{"start":{"line":85,"column":0},"end":{"line":85,"column":43}},"85":{"start":{"line":86,"column":0},"end":{"line":86,"column":41}},"86":{"start":{"line":87,"column":0},"end":{"line":87,"column":5}},"87":{"start":{"line":88,"column":0},"end":{"line":88,"column":3}},"88":{"start":{"line":89,"column":0},"end":{"line":89,"column":41}},"89":{"start":{"line":90,"column":0},"end":{"line":90,"column":2}},"90":{"start":{"line":91,"column":0},"end":{"line":91,"column":0}},"91":{"start":{"line":92,"column":0},"end":{"line":92,"column":43}},"92":{"start":{"line":93,"column":0},"end":{"line":93,"column":38}},"93":{"start":{"line":94,"column":0},"end":{"line":94,"column":38}},"94":{"start":{"line":95,"column":0},"end":{"line":95,"column":13}},"95":{"start":{"line":96,"column":0},"end":{"line":96,"column":33}},"96":{"start":{"line":97,"column":0},"end":{"line":97,"column":49}},"97":{"start":{"line":98,"column":0},"end":{"line":98,"column":18}},"98":{"start":{"line":99,"column":0},"end":{"line":99,"column":3}},"99":{"start":{"line":100,"column":0},"end":{"line":100,"column":33}},"100":{"start":{"line":101,"column":0},"end":{"line":101,"column":49}},"101":{"start":{"line":102,"column":0},"end":{"line":102,"column":18}},"102":{"start":{"line":103,"column":0},"end":{"line":103,"column":3}},"103":{"start":{"line":104,"column":0},"end":{"line":104,"column":53}},"104":{"start":{"line":105,"column":0},"end":{"line":105,"column":53}},"105":{"start":{"line":106,"column":0},"end":{"line":106,"column":35}},"106":{"start":{"line":107,"column":0},"end":{"line":107,"column":30}},"107":{"start":{"line":108,"column":0},"end":{"line":108,"column":16}},"108":{"start":{"line":109,"column":0},"end":{"line":109,"column":2}},"109":{"start":{"line":110,"column":0},"end":{"line":110,"column":0}},"110":{"start":{"line":111,"column":0},"end":{"line":111,"column":23}}},"s":{"0":1,"1":1,"2":1,"3":1,"4":1,"5":2,"6":2,"7":2,"8":1,"9":1,"10":1,"11":1,"12":1,"13":1,"14":1,"15":4,"16":2,"17":1,"18":1,"19":1,"20":1,"21":1,"22":1,"23":1,"24":1,"25":1,"26":1,"27":1,"28":1,"29":1,"30":2,"31":2,"32":2,"33":2,"34":2,"35":2,"36":2,"37":4,"38":1,"39":3,"40":1,"41":1,"42":1,"43":1,"44":1,"45":1,"46":3,"47":1,"48":1,"49":1,"50":1,"51":1,"52":1,"53":8,"54":4,"55":4,"56":4,"57":4,"58":4,"59":0,"60":1,"61":1,"62":2,"63":2,"64":1,"65":1,"66":3,"67":3,"68":1,"69":1,"70":1,"71":1,"72":1,"73":1,"74":5,"75":1,"76":1,"77":5,"78":2,"79":2,"80":5,"81":1,"82":1,"83":5,"84":1,"85":1,"86":1,"87":5,"88":1,"89":1,"90":1,"91":1,"92":1,"93":1,"94":1,"95":1,"96":0,"97":0,"98":0,"99":1,"100":0,"101":0,"102":0,"103":1,"104":1,"105":1,"106":1,"107":1,"108":1,"109":1,"110":1},"branchMap":{"0":{"type":"branch","line":5,"loc":{"start":{"line":5,"column":17},"end":{"line":8,"column":2}},"locations":[{"start":{"line":5,"column":17},"end":{"line":8,"column":2}}]},"1":{"type":"branch","line":10,"loc":{"start":{"line":10,"column":16},"end":{"line":49,"column":2}},"locations":[{"start":{"line":10,"column":16},"end":{"line":49,"column":2}}]},"2":{"type":"branch","line":15,"loc":{"start":{"line":15,"column":27},"end":{"line":38,"column":3}},"locations":[{"start":{"line":15,"column":27},"end":{"line":38,"column":3}}]},"3":{"type":"branch","line":16,"loc":{"start":{"line":16,"column":34},"end":{"line":37,"column":5}},"locations":[{"start":{"line":16,"column":34},"end":{"line":37,"column":5}}]},"4":{"type":"branch","line":17,"loc":{"start":{"line":17,"column":35},"end":{"line":30,"column":7}},"locations":[{"start":{"line":17,"column":35},"end":{"line":30,"column":7}}]},"5":{"type":"branch","line":39,"loc":{"start":{"line":39,"column":27},"end":{"line":47,"column":3}},"locations":[{"start":{"line":39,"column":27},"end":{"line":47,"column":3}}]},"6":{"type":"branch","line":40,"loc":{"start":{"line":40,"column":35},"end":{"line":46,"column":5}},"locations":[{"start":{"line":40,"column":35},"end":{"line":46,"column":5}}]},"7":{"type":"branch","line":51,"loc":{"start":{"line":51,"column":22},"end":{"line":90,"column":2}},"locations":[{"start":{"line":51,"column":22},"end":{"line":90,"column":2}}]},"8":{"type":"branch","line":74,"loc":{"start":{"line":74,"column":27},"end":{"line":88,"column":3}},"locations":[{"start":{"line":74,"column":27},"end":{"line":88,"column":3}}]},"9":{"type":"branch","line":75,"loc":{"start":{"line":75,"column":31},"end":{"line":77,"column":5}},"locations":[{"start":{"line":75,"column":31},"end":{"line":77,"column":5}}]},"10":{"type":"branch","line":78,"loc":{"start":{"line":78,"column":33},"end":{"line":80,"column":5}},"locations":[{"start":{"line":78,"column":33},"end":{"line":80,"column":5}}]},"11":{"type":"branch","line":81,"loc":{"start":{"line":81,"column":35},"end":{"line":83,"column":5}},"locations":[{"start":{"line":81,"column":35},"end":{"line":83,"column":5}}]},"12":{"type":"branch","line":84,"loc":{"start":{"line":84,"column":33},"end":{"line":87,"column":5}},"locations":[{"start":{"line":84,"column":33},"end":{"line":87,"column":5}}]},"13":{"type":"branch","line":53,"loc":{"start":{"line":53,"column":12},"end":{"line":61,"column":3}},"locations":[{"start":{"line":53,"column":12},"end":{"line":61,"column":3}}]},"14":{"type":"branch","line":54,"loc":{"start":{"line":54,"column":23},"end":{"line":59,"column":5}},"locations":[{"start":{"line":54,"column":23},"end":{"line":59,"column":5}}]},"15":{"type":"branch","line":59,"loc":{"start":{"line":59,"column":4},"end":{"line":61,"column":3}},"locations":[{"start":{"line":59,"column":4},"end":{"line":61,"column":3}}]},"16":{"type":"branch","line":62,"loc":{"start":{"line":62,"column":20},"end":{"line":65,"column":3}},"locations":[{"start":{"line":62,"column":20},"end":{"line":65,"column":3}}]},"17":{"type":"branch","line":66,"loc":{"start":{"line":66,"column":22},"end":{"line":69,"column":3}},"locations":[{"start":{"line":66,"column":22},"end":{"line":69,"column":3}}]},"18":{"type":"branch","line":70,"loc":{"start":{"line":70,"column":24},"end":{"line":73,"column":3}},"locations":[{"start":{"line":70,"column":24},"end":{"line":73,"column":3}}]},"19":{"type":"branch","line":92,"loc":{"start":{"line":92,"column":16},"end":{"line":109,"column":2}},"locations":[{"start":{"line":92,"column":16},"end":{"line":109,"column":2}}]},"20":{"type":"branch","line":96,"loc":{"start":{"line":96,"column":32},"end":{"line":99,"column":3}},"locations":[{"start":{"line":96,"column":32},"end":{"line":99,"column":3}}]},"21":{"type":"branch","line":100,"loc":{"start":{"line":100,"column":32},"end":{"line":103,"column":3}},"locations":[{"start":{"line":100,"column":32},"end":{"line":103,"column":3}}]}},"b":{"0":[2],"1":[1],"2":[4],"3":[2],"4":[1],"5":[3],"6":[1],"7":[1],"8":[5],"9":[1],"10":[2],"11":[1],"12":[1],"13":[8],"14":[4],"15":[0],"16":[2],"17":[3],"18":[1],"19":[1],"20":[0],"21":[0]},"fnMap":{"0":{"name":"absPath","decl":{"start":{"line":5,"column":17},"end":{"line":8,"column":2}},"loc":{"start":{"line":5,"column":17},"end":{"line":8,"column":2}},"line":5},"1":{"name":"getDiff","decl":{"start":{"line":10,"column":16},"end":{"line":49,"column":2}},"loc":{"start":{"line":10,"column":16},"end":{"line":49,"column":2}},"line":10},"2":{"name":"printDiffObj","decl":{"start":{"line":51,"column":22},"end":{"line":90,"column":2}},"loc":{"start":{"line":51,"column":22},"end":{"line":90,"column":2}},"line":51},"3":{"name":"pushAdded","decl":{"start":{"line":62,"column":20},"end":{"line":65,"column":3}},"loc":{"start":{"line":62,"column":20},"end":{"line":65,"column":3}},"line":62},"4":{"name":"pushDeleted","decl":{"start":{"line":66,"column":22},"end":{"line":69,"column":3}},"loc":{"start":{"line":66,"column":22},"end":{"line":69,"column":3}},"line":66},"5":{"name":"pushUnchanged","decl":{"start":{"line":70,"column":24},"end":{"line":73,"column":3}},"loc":{"start":{"line":70,"column":24},"end":{"line":73,"column":3}},"line":70},"6":{"name":"genDiff","decl":{"start":{"line":92,"column":16},"end":{"line":109,"column":2}},"loc":{"start":{"line":92,"column":16},"end":{"line":109,"column":2}},"line":92}},"f":{"0":2,"1":1,"2":1,"3":2,"4":3,"5":1,"6":1}}
}
