{"/Users/nastya/code/Hexlet/frontend-project-46/src/gendiff.js": {"path":"/Users/nastya/code/Hexlet/frontend-project-46/src/gendiff.js","all":false,"statementMap":{"0":{"start":{"line":1,"column":0},"end":{"line":1,"column":20}},"1":{"start":{"line":2,"column":0},"end":{"line":2,"column":46}},"2":{"start":{"line":3,"column":0},"end":{"line":3,"column":0}},"3":{"start":{"line":4,"column":0},"end":{"line":4,"column":33}},"4":{"start":{"line":5,"column":0},"end":{"line":5,"column":34}},"5":{"start":{"line":6,"column":0},"end":{"line":6,"column":34}},"6":{"start":{"line":7,"column":0},"end":{"line":7,"column":20}},"7":{"start":{"line":8,"column":0},"end":{"line":8,"column":0}},"8":{"start":{"line":9,"column":0},"end":{"line":9,"column":28}},"9":{"start":{"line":10,"column":0},"end":{"line":10,"column":35}},"10":{"start":{"line":11,"column":0},"end":{"line":11,"column":36}},"11":{"start":{"line":12,"column":0},"end":{"line":12,"column":21}},"12":{"start":{"line":13,"column":0},"end":{"line":13,"column":28}},"13":{"start":{"line":14,"column":0},"end":{"line":14,"column":14}},"14":{"start":{"line":15,"column":0},"end":{"line":15,"column":27}},"15":{"start":{"line":16,"column":0},"end":{"line":16,"column":11}},"16":{"start":{"line":17,"column":0},"end":{"line":17,"column":14}},"17":{"start":{"line":18,"column":0},"end":{"line":18,"column":21}},"18":{"start":{"line":19,"column":0},"end":{"line":19,"column":26}},"19":{"start":{"line":20,"column":0},"end":{"line":20,"column":14}},"20":{"start":{"line":21,"column":0},"end":{"line":21,"column":30}},"21":{"start":{"line":22,"column":0},"end":{"line":22,"column":30}},"22":{"start":{"line":23,"column":0},"end":{"line":23,"column":11}},"23":{"start":{"line":24,"column":0},"end":{"line":24,"column":7}},"24":{"start":{"line":25,"column":0},"end":{"line":25,"column":12}},"25":{"start":{"line":26,"column":0},"end":{"line":26,"column":19}},"26":{"start":{"line":27,"column":0},"end":{"line":27,"column":24}},"27":{"start":{"line":28,"column":0},"end":{"line":28,"column":12}},"28":{"start":{"line":29,"column":0},"end":{"line":29,"column":28}},"29":{"start":{"line":30,"column":0},"end":{"line":30,"column":9}},"30":{"start":{"line":31,"column":0},"end":{"line":31,"column":5}},"31":{"start":{"line":32,"column":0},"end":{"line":32,"column":3}},"32":{"start":{"line":33,"column":0},"end":{"line":33,"column":28}},"33":{"start":{"line":34,"column":0},"end":{"line":34,"column":36}},"34":{"start":{"line":35,"column":0},"end":{"line":35,"column":19}},"35":{"start":{"line":36,"column":0},"end":{"line":36,"column":22}},"36":{"start":{"line":37,"column":0},"end":{"line":37,"column":12}},"37":{"start":{"line":38,"column":0},"end":{"line":38,"column":25}},"38":{"start":{"line":39,"column":0},"end":{"line":39,"column":9}},"39":{"start":{"line":40,"column":0},"end":{"line":40,"column":5}},"40":{"start":{"line":41,"column":0},"end":{"line":41,"column":3}},"41":{"start":{"line":42,"column":0},"end":{"line":42,"column":16}},"42":{"start":{"line":43,"column":0},"end":{"line":43,"column":2}},"43":{"start":{"line":44,"column":0},"end":{"line":44,"column":0}},"44":{"start":{"line":45,"column":0},"end":{"line":45,"column":32}},"45":{"start":{"line":46,"column":0},"end":{"line":46,"column":20}},"46":{"start":{"line":47,"column":0},"end":{"line":47,"column":23}},"47":{"start":{"line":48,"column":0},"end":{"line":48,"column":24}},"48":{"start":{"line":49,"column":0},"end":{"line":49,"column":16}},"49":{"start":{"line":50,"column":0},"end":{"line":50,"column":5}},"50":{"start":{"line":51,"column":0},"end":{"line":51,"column":24}},"51":{"start":{"line":52,"column":0},"end":{"line":52,"column":15}},"52":{"start":{"line":53,"column":0},"end":{"line":53,"column":5}},"53":{"start":{"line":54,"column":0},"end":{"line":54,"column":13}},"54":{"start":{"line":55,"column":0},"end":{"line":55,"column":5}},"55":{"start":{"line":56,"column":0},"end":{"line":56,"column":31}},"56":{"start":{"line":57,"column":0},"end":{"line":57,"column":25}},"57":{"start":{"line":58,"column":0},"end":{"line":58,"column":18}},"58":{"start":{"line":59,"column":0},"end":{"line":59,"column":4}},"59":{"start":{"line":60,"column":0},"end":{"line":60,"column":33}},"60":{"start":{"line":61,"column":0},"end":{"line":61,"column":25}},"61":{"start":{"line":62,"column":0},"end":{"line":62,"column":18}},"62":{"start":{"line":63,"column":0},"end":{"line":63,"column":4}},"63":{"start":{"line":64,"column":0},"end":{"line":64,"column":35}},"64":{"start":{"line":65,"column":0},"end":{"line":65,"column":25}},"65":{"start":{"line":66,"column":0},"end":{"line":66,"column":18}},"66":{"start":{"line":67,"column":0},"end":{"line":67,"column":4}},"67":{"start":{"line":68,"column":0},"end":{"line":68,"column":28}},"68":{"start":{"line":69,"column":0},"end":{"line":69,"column":32}},"69":{"start":{"line":70,"column":0},"end":{"line":70,"column":38}},"70":{"start":{"line":71,"column":0},"end":{"line":71,"column":5}},"71":{"start":{"line":72,"column":0},"end":{"line":72,"column":34}},"72":{"start":{"line":73,"column":0},"end":{"line":73,"column":43}},"73":{"start":{"line":74,"column":0},"end":{"line":74,"column":5}},"74":{"start":{"line":75,"column":0},"end":{"line":75,"column":36}},"75":{"start":{"line":76,"column":0},"end":{"line":76,"column":42}},"76":{"start":{"line":77,"column":0},"end":{"line":77,"column":5}},"77":{"start":{"line":78,"column":0},"end":{"line":78,"column":34}},"78":{"start":{"line":79,"column":0},"end":{"line":79,"column":43}},"79":{"start":{"line":80,"column":0},"end":{"line":80,"column":41}},"80":{"start":{"line":81,"column":0},"end":{"line":81,"column":5}},"81":{"start":{"line":82,"column":0},"end":{"line":82,"column":3}},"82":{"start":{"line":83,"column":0},"end":{"line":83,"column":41}},"83":{"start":{"line":84,"column":0},"end":{"line":84,"column":2}},"84":{"start":{"line":85,"column":0},"end":{"line":85,"column":0}},"85":{"start":{"line":86,"column":0},"end":{"line":86,"column":43}},"86":{"start":{"line":87,"column":0},"end":{"line":87,"column":38}},"87":{"start":{"line":88,"column":0},"end":{"line":88,"column":38}},"88":{"start":{"line":89,"column":0},"end":{"line":89,"column":13}},"89":{"start":{"line":90,"column":0},"end":{"line":90,"column":33}},"90":{"start":{"line":91,"column":0},"end":{"line":91,"column":49}},"91":{"start":{"line":92,"column":0},"end":{"line":92,"column":18}},"92":{"start":{"line":93,"column":0},"end":{"line":93,"column":3}},"93":{"start":{"line":94,"column":0},"end":{"line":94,"column":33}},"94":{"start":{"line":95,"column":0},"end":{"line":95,"column":49}},"95":{"start":{"line":96,"column":0},"end":{"line":96,"column":18}},"96":{"start":{"line":97,"column":0},"end":{"line":97,"column":3}},"97":{"start":{"line":98,"column":0},"end":{"line":98,"column":32}},"98":{"start":{"line":99,"column":0},"end":{"line":99,"column":32}},"99":{"start":{"line":100,"column":0},"end":{"line":100,"column":35}},"100":{"start":{"line":101,"column":0},"end":{"line":101,"column":30}},"101":{"start":{"line":102,"column":0},"end":{"line":102,"column":16}},"102":{"start":{"line":103,"column":0},"end":{"line":103,"column":2}},"103":{"start":{"line":104,"column":0},"end":{"line":104,"column":0}},"104":{"start":{"line":105,"column":0},"end":{"line":105,"column":23}}},"s":{"0":1,"1":1,"2":1,"3":1,"4":3,"5":3,"6":3,"7":3,"8":3,"9":12,"10":6,"11":3,"12":3,"13":3,"14":3,"15":3,"16":3,"17":3,"18":3,"19":3,"20":3,"21":3,"22":3,"23":3,"24":6,"25":6,"26":6,"27":6,"28":6,"29":6,"30":6,"31":12,"32":3,"33":9,"34":3,"35":3,"36":3,"37":3,"38":3,"39":3,"40":9,"41":3,"42":3,"43":1,"44":1,"45":3,"46":3,"47":24,"48":12,"49":12,"50":12,"51":12,"52":12,"53":0,"54":3,"55":3,"56":6,"57":6,"58":3,"59":3,"60":9,"61":9,"62":3,"63":3,"64":3,"65":3,"66":3,"67":3,"68":15,"69":3,"70":3,"71":15,"72":6,"73":6,"74":15,"75":3,"76":3,"77":15,"78":3,"79":3,"80":3,"81":15,"82":3,"83":3,"84":1,"85":1,"86":5,"87":5,"88":5,"89":5,"90":1,"91":1,"92":1,"93":5,"94":1,"95":1,"96":1,"97":3,"98":3,"99":3,"100":3,"101":3,"102":3,"103":1,"104":1},"branchMap":{"0":{"type":"branch","line":4,"loc":{"start":{"line":4,"column":16},"end":{"line":43,"column":2}},"locations":[{"start":{"line":4,"column":16},"end":{"line":43,"column":2}}]},"1":{"type":"branch","line":9,"loc":{"start":{"line":9,"column":27},"end":{"line":32,"column":3}},"locations":[{"start":{"line":9,"column":27},"end":{"line":32,"column":3}}]},"2":{"type":"branch","line":10,"loc":{"start":{"line":10,"column":34},"end":{"line":31,"column":5}},"locations":[{"start":{"line":10,"column":34},"end":{"line":31,"column":5}}]},"3":{"type":"branch","line":11,"loc":{"start":{"line":11,"column":35},"end":{"line":24,"column":7}},"locations":[{"start":{"line":11,"column":35},"end":{"line":24,"column":7}}]},"4":{"type":"branch","line":33,"loc":{"start":{"line":33,"column":27},"end":{"line":41,"column":3}},"locations":[{"start":{"line":33,"column":27},"end":{"line":41,"column":3}}]},"5":{"type":"branch","line":34,"loc":{"start":{"line":34,"column":35},"end":{"line":40,"column":5}},"locations":[{"start":{"line":34,"column":35},"end":{"line":40,"column":5}}]},"6":{"type":"branch","line":45,"loc":{"start":{"line":45,"column":22},"end":{"line":84,"column":2}},"locations":[{"start":{"line":45,"column":22},"end":{"line":84,"column":2}}]},"7":{"type":"branch","line":68,"loc":{"start":{"line":68,"column":27},"end":{"line":82,"column":3}},"locations":[{"start":{"line":68,"column":27},"end":{"line":82,"column":3}}]},"8":{"type":"branch","line":69,"loc":{"start":{"line":69,"column":31},"end":{"line":71,"column":5}},"locations":[{"start":{"line":69,"column":31},"end":{"line":71,"column":5}}]},"9":{"type":"branch","line":72,"loc":{"start":{"line":72,"column":33},"end":{"line":74,"column":5}},"locations":[{"start":{"line":72,"column":33},"end":{"line":74,"column":5}}]},"10":{"type":"branch","line":75,"loc":{"start":{"line":75,"column":35},"end":{"line":77,"column":5}},"locations":[{"start":{"line":75,"column":35},"end":{"line":77,"column":5}}]},"11":{"type":"branch","line":78,"loc":{"start":{"line":78,"column":33},"end":{"line":81,"column":5}},"locations":[{"start":{"line":78,"column":33},"end":{"line":81,"column":5}}]},"12":{"type":"branch","line":47,"loc":{"start":{"line":47,"column":12},"end":{"line":55,"column":3}},"locations":[{"start":{"line":47,"column":12},"end":{"line":55,"column":3}}]},"13":{"type":"branch","line":48,"loc":{"start":{"line":48,"column":23},"end":{"line":53,"column":5}},"locations":[{"start":{"line":48,"column":23},"end":{"line":53,"column":5}}]},"14":{"type":"branch","line":53,"loc":{"start":{"line":53,"column":4},"end":{"line":55,"column":3}},"locations":[{"start":{"line":53,"column":4},"end":{"line":55,"column":3}}]},"15":{"type":"branch","line":56,"loc":{"start":{"line":56,"column":20},"end":{"line":59,"column":3}},"locations":[{"start":{"line":56,"column":20},"end":{"line":59,"column":3}}]},"16":{"type":"branch","line":60,"loc":{"start":{"line":60,"column":22},"end":{"line":63,"column":3}},"locations":[{"start":{"line":60,"column":22},"end":{"line":63,"column":3}}]},"17":{"type":"branch","line":64,"loc":{"start":{"line":64,"column":24},"end":{"line":67,"column":3}},"locations":[{"start":{"line":64,"column":24},"end":{"line":67,"column":3}}]},"18":{"type":"branch","line":86,"loc":{"start":{"line":86,"column":16},"end":{"line":103,"column":2}},"locations":[{"start":{"line":86,"column":16},"end":{"line":103,"column":2}}]},"19":{"type":"branch","line":90,"loc":{"start":{"line":90,"column":32},"end":{"line":93,"column":3}},"locations":[{"start":{"line":90,"column":32},"end":{"line":93,"column":3}}]},"20":{"type":"branch","line":93,"loc":{"start":{"line":93,"column":2},"end":{"line":94,"column":32}},"locations":[{"start":{"line":93,"column":2},"end":{"line":94,"column":32}}]},"21":{"type":"branch","line":94,"loc":{"start":{"line":94,"column":32},"end":{"line":97,"column":3}},"locations":[{"start":{"line":94,"column":32},"end":{"line":97,"column":3}}]},"22":{"type":"branch","line":97,"loc":{"start":{"line":97,"column":2},"end":{"line":103,"column":2}},"locations":[{"start":{"line":97,"column":2},"end":{"line":103,"column":2}}]}},"b":{"0":[3],"1":[12],"2":[6],"3":[3],"4":[9],"5":[3],"6":[3],"7":[15],"8":[3],"9":[6],"10":[3],"11":[3],"12":[24],"13":[12],"14":[0],"15":[6],"16":[9],"17":[3],"18":[5],"19":[1],"20":[4],"21":[1],"22":[3]},"fnMap":{"0":{"name":"getDiff","decl":{"start":{"line":4,"column":16},"end":{"line":43,"column":2}},"loc":{"start":{"line":4,"column":16},"end":{"line":43,"column":2}},"line":4},"1":{"name":"printDiffObj","decl":{"start":{"line":45,"column":22},"end":{"line":84,"column":2}},"loc":{"start":{"line":45,"column":22},"end":{"line":84,"column":2}},"line":45},"2":{"name":"pushAdded","decl":{"start":{"line":56,"column":20},"end":{"line":59,"column":3}},"loc":{"start":{"line":56,"column":20},"end":{"line":59,"column":3}},"line":56},"3":{"name":"pushDeleted","decl":{"start":{"line":60,"column":22},"end":{"line":63,"column":3}},"loc":{"start":{"line":60,"column":22},"end":{"line":63,"column":3}},"line":60},"4":{"name":"pushUnchanged","decl":{"start":{"line":64,"column":24},"end":{"line":67,"column":3}},"loc":{"start":{"line":64,"column":24},"end":{"line":67,"column":3}},"line":64},"5":{"name":"genDiff","decl":{"start":{"line":86,"column":16},"end":{"line":103,"column":2}},"loc":{"start":{"line":86,"column":16},"end":{"line":103,"column":2}},"line":86}},"f":{"0":3,"1":3,"2":6,"3":9,"4":3,"5":5}}
,"/Users/nastya/code/Hexlet/frontend-project-46/src/parsers.js": {"path":"/Users/nastya/code/Hexlet/frontend-project-46/src/parsers.js","all":false,"statementMap":{"0":{"start":{"line":1,"column":0},"end":{"line":1,"column":20}},"1":{"start":{"line":2,"column":0},"end":{"line":2,"column":30}},"2":{"start":{"line":3,"column":0},"end":{"line":3,"column":24}},"3":{"start":{"line":4,"column":0},"end":{"line":4,"column":27}},"4":{"start":{"line":5,"column":0},"end":{"line":5,"column":0}},"5":{"start":{"line":6,"column":0},"end":{"line":6,"column":31}},"6":{"start":{"line":7,"column":0},"end":{"line":7,"column":32}},"7":{"start":{"line":8,"column":0},"end":{"line":8,"column":41}},"8":{"start":{"line":9,"column":0},"end":{"line":9,"column":2}},"9":{"start":{"line":10,"column":0},"end":{"line":10,"column":0}},"10":{"start":{"line":11,"column":0},"end":{"line":11,"column":29}},"11":{"start":{"line":12,"column":0},"end":{"line":12,"column":44}},"12":{"start":{"line":13,"column":0},"end":{"line":13,"column":40}},"13":{"start":{"line":14,"column":0},"end":{"line":14,"column":10}},"14":{"start":{"line":15,"column":0},"end":{"line":15,"column":22}},"15":{"start":{"line":16,"column":0},"end":{"line":16,"column":18}},"16":{"start":{"line":17,"column":0},"end":{"line":17,"column":53}},"17":{"start":{"line":18,"column":0},"end":{"line":18,"column":12}},"18":{"start":{"line":19,"column":0},"end":{"line":19,"column":5}},"19":{"start":{"line":20,"column":0},"end":{"line":20,"column":16}},"20":{"start":{"line":21,"column":0},"end":{"line":21,"column":17}},"21":{"start":{"line":22,"column":0},"end":{"line":22,"column":60}},"22":{"start":{"line":23,"column":0},"end":{"line":23,"column":12}},"23":{"start":{"line":24,"column":0},"end":{"line":24,"column":5}},"24":{"start":{"line":25,"column":0},"end":{"line":25,"column":14}},"25":{"start":{"line":26,"column":0},"end":{"line":26,"column":59}},"26":{"start":{"line":27,"column":0},"end":{"line":27,"column":5}},"27":{"start":{"line":28,"column":0},"end":{"line":28,"column":3}},"28":{"start":{"line":29,"column":0},"end":{"line":29,"column":13}},"29":{"start":{"line":30,"column":0},"end":{"line":30,"column":2}},"30":{"start":{"line":31,"column":0},"end":{"line":31,"column":0}},"31":{"start":{"line":32,"column":0},"end":{"line":32,"column":21}},"32":{"start":{"line":33,"column":0},"end":{"line":33,"column":19}}},"s":{"0":1,"1":1,"2":1,"3":1,"4":1,"5":1,"6":16,"7":16,"8":16,"9":1,"10":1,"11":6,"12":6,"13":6,"14":6,"15":6,"16":2,"17":2,"18":2,"19":6,"20":6,"21":4,"22":4,"23":4,"24":6,"25":0,"26":0,"27":6,"28":6,"29":6,"30":1,"31":1,"32":1},"branchMap":{"0":{"type":"branch","line":6,"loc":{"start":{"line":6,"column":17},"end":{"line":9,"column":2}},"locations":[{"start":{"line":6,"column":17},"end":{"line":9,"column":2}}]},"1":{"type":"branch","line":11,"loc":{"start":{"line":11,"column":15},"end":{"line":30,"column":2}},"locations":[{"start":{"line":11,"column":15},"end":{"line":30,"column":2}}]},"2":{"type":"branch","line":16,"loc":{"start":{"line":16,"column":4},"end":{"line":19,"column":5}},"locations":[{"start":{"line":16,"column":4},"end":{"line":19,"column":5}}]},"3":{"type":"branch","line":20,"loc":{"start":{"line":20,"column":4},"end":{"line":20,"column":16}},"locations":[{"start":{"line":20,"column":4},"end":{"line":20,"column":16}}]},"4":{"type":"branch","line":21,"loc":{"start":{"line":21,"column":4},"end":{"line":24,"column":5}},"locations":[{"start":{"line":21,"column":4},"end":{"line":24,"column":5}}]},"5":{"type":"branch","line":25,"loc":{"start":{"line":25,"column":4},"end":{"line":27,"column":5}},"locations":[{"start":{"line":25,"column":4},"end":{"line":27,"column":5}}]}},"b":{"0":[16],"1":[6],"2":[2],"3":[2],"4":[4],"5":[0]},"fnMap":{"0":{"name":"absPath","decl":{"start":{"line":6,"column":17},"end":{"line":9,"column":2}},"loc":{"start":{"line":6,"column":17},"end":{"line":9,"column":2}},"line":6},"1":{"name":"parse","decl":{"start":{"line":11,"column":15},"end":{"line":30,"column":2}},"loc":{"start":{"line":11,"column":15},"end":{"line":30,"column":2}},"line":11}},"f":{"0":16,"1":6}}
}
