TN:
SF:src/gendiff.js
FN:5,absPath
FN:10,getDiff
FN:51,printDiffObj
FN:62,pushAdded
FN:66,pushDeleted
FN:70,pushUnchanged
FN:92,genDiff
FNF:7
FNH:7
FNDA:2,absPath
FNDA:1,getDiff
FNDA:1,printDiffObj
FNDA:2,pushAdded
FNDA:3,pushDeleted
FNDA:1,pushUnchanged
FNDA:1,genDiff
DA:1,1
DA:2,1
DA:3,1
DA:4,1
DA:5,1
DA:6,2
DA:7,2
DA:8,2
DA:9,1
DA:10,1
DA:11,1
DA:12,1
DA:13,1
DA:14,1
DA:15,1
DA:16,4
DA:17,2
DA:18,1
DA:19,1
DA:20,1
DA:21,1
DA:22,1
DA:23,1
DA:24,1
DA:25,1
DA:26,1
DA:27,1
DA:28,1
DA:29,1
DA:30,1
DA:31,2
DA:32,2
DA:33,2
DA:34,2
DA:35,2
DA:36,2
DA:37,2
DA:38,4
DA:39,1
DA:40,3
DA:41,1
DA:42,1
DA:43,1
DA:44,1
DA:45,1
DA:46,1
DA:47,3
DA:48,1
DA:49,1
DA:50,1
DA:51,1
DA:52,1
DA:53,1
DA:54,8
DA:55,4
DA:56,4
DA:57,4
DA:58,4
DA:59,4
DA:60,0
DA:61,1
DA:62,1
DA:63,2
DA:64,2
DA:65,1
DA:66,1
DA:67,3
DA:68,3
DA:69,1
DA:70,1
DA:71,1
DA:72,1
DA:73,1
DA:74,1
DA:75,5
DA:76,1
DA:77,1
DA:78,5
DA:79,2
DA:80,2
DA:81,5
DA:82,1
DA:83,1
DA:84,5
DA:85,1
DA:86,1
DA:87,1
DA:88,5
DA:89,1
DA:90,1
DA:91,1
DA:92,1
DA:93,1
DA:94,1
DA:95,1
DA:96,1
DA:97,0
DA:98,0
DA:99,0
DA:100,1
DA:101,0
DA:102,0
DA:103,0
DA:104,1
DA:105,1
DA:106,1
DA:107,1
DA:108,1
DA:109,1
DA:110,1
DA:111,1
LF:111
LH:104
BRDA:5,0,0,2
BRDA:10,1,0,1
BRDA:15,2,0,4
BRDA:16,3,0,2
BRDA:17,4,0,1
BRDA:39,5,0,3
BRDA:40,6,0,1
BRDA:51,7,0,1
BRDA:74,8,0,5
BRDA:75,9,0,1
BRDA:78,10,0,2
BRDA:81,11,0,1
BRDA:84,12,0,1
BRDA:53,13,0,8
BRDA:54,14,0,4
BRDA:59,15,0,0
BRDA:62,16,0,2
BRDA:66,17,0,3
BRDA:70,18,0,1
BRDA:92,19,0,1
BRDA:96,20,0,0
BRDA:100,21,0,0
BRF:22
BRH:19
end_of_record
