TN:
SF:src/gendiff.js
FN:4,getDiff
FN:45,printDiffObj
FN:56,pushAdded
FN:60,pushDeleted
FN:64,pushUnchanged
FN:86,genDiff
FNF:6
FNH:6
FNDA:3,getDiff
FNDA:3,printDiffObj
FNDA:6,pushAdded
FNDA:9,pushDeleted
FNDA:3,pushUnchanged
FNDA:5,genDiff
DA:1,1
DA:2,1
DA:3,1
DA:4,1
DA:5,3
DA:6,3
DA:7,3
DA:8,3
DA:9,3
DA:10,12
DA:11,6
DA:12,3
DA:13,3
DA:14,3
DA:15,3
DA:16,3
DA:17,3
DA:18,3
DA:19,3
DA:20,3
DA:21,3
DA:22,3
DA:23,3
DA:24,3
DA:25,6
DA:26,6
DA:27,6
DA:28,6
DA:29,6
DA:30,6
DA:31,6
DA:32,12
DA:33,3
DA:34,9
DA:35,3
DA:36,3
DA:37,3
DA:38,3
DA:39,3
DA:40,3
DA:41,9
DA:42,3
DA:43,3
DA:44,1
DA:45,1
DA:46,3
DA:47,3
DA:48,24
DA:49,12
DA:50,12
DA:51,12
DA:52,12
DA:53,12
DA:54,0
DA:55,3
DA:56,3
DA:57,6
DA:58,6
DA:59,3
DA:60,3
DA:61,9
DA:62,9
DA:63,3
DA:64,3
DA:65,3
DA:66,3
DA:67,3
DA:68,3
DA:69,15
DA:70,3
DA:71,3
DA:72,15
DA:73,6
DA:74,6
DA:75,15
DA:76,3
DA:77,3
DA:78,15
DA:79,3
DA:80,3
DA:81,3
DA:82,15
DA:83,3
DA:84,3
DA:85,1
DA:86,1
DA:87,5
DA:88,5
DA:89,5
DA:90,5
DA:91,1
DA:92,1
DA:93,1
DA:94,5
DA:95,1
DA:96,1
DA:97,1
DA:98,3
DA:99,3
DA:100,3
DA:101,3
DA:102,3
DA:103,3
DA:104,1
DA:105,1
LF:105
LH:104
BRDA:4,0,0,3
BRDA:9,1,0,12
BRDA:10,2,0,6
BRDA:11,3,0,3
BRDA:33,4,0,9
BRDA:34,5,0,3
BRDA:45,6,0,3
BRDA:68,7,0,15
BRDA:69,8,0,3
BRDA:72,9,0,6
BRDA:75,10,0,3
BRDA:78,11,0,3
BRDA:47,12,0,24
BRDA:48,13,0,12
BRDA:53,14,0,0
BRDA:56,15,0,6
BRDA:60,16,0,9
BRDA:64,17,0,3
BRDA:86,18,0,5
BRDA:90,19,0,1
BRDA:93,20,0,4
BRDA:94,21,0,1
BRDA:97,22,0,3
BRF:23
BRH:22
end_of_record
TN:
SF:src/parsers.js
FN:6,absPath
FN:11,parse
FNF:2
FNH:2
FNDA:16,absPath
FNDA:6,parse
DA:1,1
DA:2,1
DA:3,1
DA:4,1
DA:5,1
DA:6,1
DA:7,16
DA:8,16
DA:9,16
DA:10,1
DA:11,1
DA:12,6
DA:13,6
DA:14,6
DA:15,6
DA:16,6
DA:17,2
DA:18,2
DA:19,2
DA:20,6
DA:21,6
DA:22,4
DA:23,4
DA:24,4
DA:25,6
DA:26,0
DA:27,0
DA:28,6
DA:29,6
DA:30,6
DA:31,1
DA:32,1
DA:33,1
LF:33
LH:31
BRDA:6,0,0,16
BRDA:11,1,0,6
BRDA:16,2,0,2
BRDA:20,3,0,2
BRDA:21,4,0,4
BRDA:25,5,0,0
BRF:6
BRH:5
end_of_record
